2025-09-16 06:21:25,729 - Knowledge - INFO - Redis support added with prefix knowledge:b8811zt:
2025-09-16 06:21:25,934 - Knowledge - INFO - load persisted knowledge: begin
2025-09-16 06:21:26,065 - Knowledge - INFO - load persisted knowledge: end
2025-09-16 06:21:26,148 - Knowledge - INFO - load persisted docinfo: begin
2025-09-16 06:21:26,228 - Knowledge - INFO - load persisted docinfo: end
2025-09-16 06:21:26,310 - Knowledge - INFO - worker kw1 created with dedicated MongoDB connection (total: 1)
2025-09-16 06:21:26,425 - Knowledge - INFO - knowledge worker kw1 start
2025-09-16 06:21:26,518 - Knowledge - INFO - worker kw1 pull /app/data/tataelxsimcvaripplecode5379/59/b8811zt/app-gateway/README.md from ingest queue
2025-09-16 06:21:26,648 - Knowledge - INFO - process ingested knowledge for /app/data/tataelxsimcvaripplecode5379/59/b8811zt/app-gateway/README.md
2025-09-16 06:21:26,766 - Knowledge - INFO - Found code-base-name: https://github.com/kavia-common/app-gateway.git:main
2025-09-16 06:21:26,853 - Knowledge - INFO - Found code_base: <app.utils.kg_build.knowledge.KnowledgeCodeBase object at 0x7f1ac9dfc110>
2025-09-16 06:21:26,975 - Knowledge - INFO - persist ingested knowledge for /app/data/tataelxsimcvaripplecode5379/59/b8811zt/app-gateway/README.md
2025-09-16 06:21:27,117 - Knowledge - INFO - adding /app/data/tataelxsimcvaripplecode5379/59/b8811zt/app-gateway/README.md to ingest queue
2025-09-16 06:21:27,227 - Knowledge - INFO - worker kw1 pull /app/data/tataelxsimcvaripplecode5379/59/b8811zt/app-gateway/README.md from ingest queue
2025-09-16 06:21:27,308 - Knowledge - INFO - Thread kw1 - File README.md - Remaining files in queue: 0
2025-09-16 06:21:27,414 - Knowledge - INFO - start ingest for /app/data/tataelxsimcvaripplecode5379/59/b8811zt/app-gateway/README.md
2025-09-16 06:21:27,509 - Knowledge - INFO - Fast-track processing for simple file: /app/data/tataelxsimcvaripplecode5379/59/b8811zt/app-gateway/README.md
2025-09-16 06:21:27,615 - Knowledge - INFO - done fast ingest for /app/data/tataelxsimcvaripplecode5379/59/b8811zt/app-gateway/README.md
2025-09-16 06:21:27,729 - Knowledge - INFO - process ingested knowledge for /app/data/tataelxsimcvaripplecode5379/59/b8811zt/app-gateway/README.md
2025-09-16 06:21:27,863 - Knowledge - INFO - Found code-base-name: https://github.com/kavia-common/app-gateway.git:main
2025-09-16 06:21:27,944 - Knowledge - INFO - Found code_base: <app.utils.kg_build.knowledge.KnowledgeCodeBase object at 0x7f1ac9dfc110>
2025-09-16 06:21:28,039 - Knowledge - INFO - persist ingested knowledge for /app/data/tataelxsimcvaripplecode5379/59/b8811zt/app-gateway/README.md
2025-09-16 06:21:28,235 - Knowledge - INFO - Knowledge creation complete
2025-09-16 06:21:28,347 - Knowledge - INFO - Updating org costs, total cost: 0
2025-09-16 06:21:28,455 - Knowledge - INFO - Saving knowledge to Redis...
2025-09-16 06:21:28,571 - Knowledge - INFO - Knowledge saved to Redis successfully
2025-09-16 06:51:56,491 - Knowledge - INFO - Redis support added with prefix knowledge:b8811zt:
2025-09-16 06:51:56,730 - Knowledge - INFO - load persisted knowledge: begin
2025-09-16 06:51:56,833 - Knowledge - INFO - Persisted knowledge files in /app/data/tataelxsimcvaripplecode5379/59/b8811zt/app-gateway/.knowledge have been renamed to use .json
2025-09-16 06:51:56,969 - Knowledge - INFO - Found code-base-name: https://github.com/kavia-common/app-gateway.git:main
2025-09-16 06:51:57,045 - Knowledge - INFO - Found code_base: <app.utils.kg_build.knowledge.KnowledgeCodeBase object at 0x7fd4f2fc3010>
2025-09-16 06:51:57,136 - Knowledge - INFO - process ingested knowledge for /app/data/tataelxsimcvaripplecode5379/59/b8811zt/app-gateway/README.md
2025-09-16 06:51:57,267 - Knowledge - INFO - load persisted knowledge: end
2025-09-16 06:51:57,336 - Knowledge - INFO - load persisted docinfo: begin
2025-09-16 06:51:57,442 - Knowledge - INFO - load persisted docinfo: end
2025-09-16 06:51:57,544 - Knowledge - INFO - worker kw1 created with dedicated MongoDB connection (total: 1)
2025-09-16 06:51:57,674 - Knowledge - INFO - knowledge worker kw1 start
2025-09-16 06:51:57,750 - Knowledge - INFO - Knowledge creation complete
2025-09-16 06:51:57,846 - Knowledge - INFO - Updating org costs, total cost: 0
2025-09-16 06:51:58,696 - Knowledge - INFO - Saving knowledge to Redis...
2025-09-16 06:51:58,787 - Knowledge - INFO - Knowledge saved to Redis successfully
2025-09-16 09:11:49,205 - Knowledge - INFO - Redis support added with prefix knowledge:b8811zt:
2025-09-16 09:11:49,389 - Knowledge - INFO - load persisted knowledge: begin
2025-09-16 09:11:49,498 - Knowledge - INFO - Found code-base-name: https://github.com/kavia-common/app-gateway.git:main
2025-09-16 09:11:49,602 - Knowledge - INFO - Found code_base: <app.utils.kg_build.knowledge.KnowledgeCodeBase object at 0x7f3dcbf2c410>
2025-09-16 09:11:49,719 - Knowledge - INFO - process ingested knowledge for /app/data/tataelxsimcvaripplecode5379/59/b8811zt/app-gateway/README.md
2025-09-16 09:11:49,806 - Knowledge - INFO - load persisted knowledge: end
2025-09-16 09:11:49,923 - Knowledge - INFO - load persisted docinfo: begin
2025-09-16 09:11:50,031 - Knowledge - INFO - load persisted docinfo: end
2025-09-16 09:11:50,148 - Knowledge - INFO - worker kw1 created with dedicated MongoDB connection (total: 1)
2025-09-16 09:11:50,218 - Knowledge - INFO - knowledge worker kw1 start
2025-09-16 09:11:50,330 - Knowledge - INFO - Knowledge creation complete
2025-09-16 09:11:50,427 - Knowledge - INFO - Updating org costs, total cost: 0
2025-09-16 09:11:51,232 - Knowledge - INFO - Saving knowledge to Redis...
2025-09-16 09:11:51,331 - Knowledge - INFO - Knowledge saved to Redis successfully
